# JRE version: OpenJDK Runtime Environment (17.0.6) (build 17.0.6+0-b2043.56-10027231)
# Java VM: OpenJDK 64-Bit Server VM (17.0.6+0-b2043.56-10027231, mixed mode, tiered, compressed oops, compressed class ptrs, g1 gc, windows-amd64)
GC Precious Log:
 CPUs: 4 total, 4 available
 Memory: 16242M
 Large Page Support: Disabled
 NUMA Support: Disabled
 Compressed Oops: Enabled (Zero based)
 Heap Region Size: 2M
 Heap Min Capacity: 8M
 Heap Initial Capacity: 254M
 Heap Max Capacity: 2536M
 Pre-touch: Disabled
 Parallel Workers: 4
 Concurrent Workers: 1
 Concurrent Refinement Workers: 4
 Periodic GC: Disabled
Heap:
 garbage-first heap   total 593920K, used 464800K [0x0000000761800000, 0x0000000800000000)
  region size 2048K, 26 young (53248K), 5 survivors (10240K)
 Metaspace       used 105718K, committed 107520K, reserved 1146880K
  class space    used 14226K, committed 14976K, reserved 1048576K
GC Heap History (20 events):
Event: 69.528 GC heap before
{Heap before GC invocations=57 (full 0):
 garbage-first heap   total 350208K, used 297361K [0x0000000761800000, 0x0000000800000000)
  region size 2048K, 17 young (34816K), 3 survivors (6144K)
 Metaspace       used 103568K, committed 105344K, reserved 1146880K
  class space    used 13971K, committed 14720K, reserved 1048576K
}
Event: 69.547 GC heap after
{Heap after GC invocations=58 (full 0):
 garbage-first heap   total 350208K, used 273622K [0x0000000761800000, 0x0000000800000000)
  region size 2048K, 3 young (6144K), 3 survivors (6144K)
 Metaspace       used 103568K, committed 105344K, reserved 1146880K
  class space    used 13971K, committed 14720K, reserved 1048576K
}
Event: 71.594 GC heap before
{Heap before GC invocations=58 (full 0):
 garbage-first heap   total 350208K, used 298198K [0x0000000761800000, 0x0000000800000000)
  region size 2048K, 16 young (32768K), 3 survivors (6144K)
 Metaspace       used 104029K, committed 105792K, reserved 1146880K
  class space    used 14049K, committed 14784K, reserved 1048576K
}
Event: 71.603 GC heap after
{Heap after GC invocations=59 (full 0):
 garbage-first heap   total 350208K, used 275950K [0x0000000761800000, 0x0000000800000000)
  region size 2048K, 2 young (4096K), 2 survivors (4096K)
 Metaspace       used 104029K, committed 105792K, reserved 1146880K
  class space    used 14049K, committed 14784K, reserved 1048576K
}
Event: 71.890 GC heap before
{Heap before GC invocations=59 (full 0):
 garbage-first heap   total 350208K, used 306670K [0x0000000761800000, 0x0000000800000000)
  region size 2048K, 11 young (22528K), 2 survivors (4096K)
 Metaspace       used 104069K, committed 105792K, reserved 1146880K
  class space    used 14051K, committed 14784K, reserved 1048576K
}
Event: 71.903 GC heap after
{Heap after GC invocations=60 (full 0):
 garbage-first heap   total 350208K, used 295701K [0x0000000761800000, 0x0000000800000000)
  region size 2048K, 2 young (4096K), 2 survivors (4096K)
 Metaspace       used 104069K, committed 105792K, reserved 1146880K
  class space    used 14051K, committed 14784K, reserved 1048576K
}
Event: 72.498 GC heap before
{Heap before GC invocations=60 (full 0):
 garbage-first heap   total 409600K, used 367381K [0x0000000761800000, 0x0000000800000000)
  region size 2048K, 8 young (16384K), 2 survivors (4096K)
 Metaspace       used 104071K, committed 105792K, reserved 1146880K
  class space    used 14051K, committed 14784K, reserved 1048576K
}
Event: 72.507 GC heap after
{Heap after GC invocations=61 (full 0):
 garbage-first heap   total 409600K, used 353371K [0x0000000761800000, 0x0000000800000000)
  region size 2048K, 1 young (2048K), 1 survivors (2048K)
 Metaspace       used 104071K, committed 105792K, reserved 1146880K
  class space    used 14051K, committed 14784K, reserved 1048576K
}
Event: 73.340 GC heap before
{Heap before GC invocations=62 (full 0):
 garbage-first heap   total 593920K, used 439387K [0x0000000761800000, 0x0000000800000000)
  region size 2048K, 15 young (30720K), 1 survivors (2048K)
 Metaspace       used 104066K, committed 105792K, reserved 1146880K
  class space    used 14050K, committed 14784K, reserved 1048576K
}
Event: 73.350 GC heap after
{Heap after GC invocations=63 (full 0):
 garbage-first heap   total 593920K, used 414081K [0x0000000761800000, 0x0000000800000000)
  region size 2048K, 2 young (4096K), 2 survivors (4096K)
 Metaspace       used 104066K, committed 105792K, reserved 1146880K
  class space    used 14050K, committed 14784K, reserved 1048576K
}
Event: 73.826 GC heap before
{Heap before GC invocations=63 (full 0):
 garbage-first heap   total 593920K, used 436609K [0x0000000761800000, 0x0000000800000000)
  region size 2048K, 15 young (30720K), 2 survivors (4096K)
 Metaspace       used 104066K, committed 105792K, reserved 1146880K
  class space    used 14050K, committed 14784K, reserved 1048576K
}
Event: 73.842 GC heap after
{Heap after GC invocations=64 (full 0):
 garbage-first heap   total 593920K, used 405528K [0x0000000761800000, 0x0000000800000000)
  region size 2048K, 2 young (4096K), 2 survivors (4096K)
 Metaspace       used 104066K, committed 105792K, reserved 1146880K
  class space    used 14050K, committed 14784K, reserved 1048576K
}
Event: 74.978 GC heap before
{Heap before GC invocations=64 (full 0):
 garbage-first heap   total 593920K, used 497688K [0x0000000761800000, 0x0000000800000000)
  region size 2048K, 49 young (100352K), 2 survivors (4096K)
 Metaspace       used 104166K, committed 105920K, reserved 1146880K
  class space    used 14060K, committed 14784K, reserved 1048576K
}
Event: 75.000 GC heap after
{Heap after GC invocations=65 (full 0):
 garbage-first heap   total 593920K, used 414591K [0x0000000761800000, 0x0000000800000000)
  region size 2048K, 6 young (12288K), 6 survivors (12288K)
 Metaspace       used 104166K, committed 105920K, reserved 1146880K
  class space    used 14060K, committed 14784K, reserved 1048576K
}
Event: 77.640 GC heap before
{Heap before GC invocations=65 (full 0):
 garbage-first heap   total 593920K, used 498559K [0x0000000761800000, 0x0000000800000000)
  region size 2048K, 48 young (98304K), 6 survivors (12288K)
 Metaspace       used 104306K, committed 106048K, reserved 1146880K
  class space    used 14072K, committed 14784K, reserved 1048576K
}
Event: 77.664 GC heap after
{Heap after GC invocations=66 (full 0):
 garbage-first heap   total 593920K, used 421871K [0x0000000761800000, 0x0000000800000000)
  region size 2048K, 6 young (12288K), 6 survivors (12288K)
 Metaspace       used 104306K, committed 106048K, reserved 1146880K
  class space    used 14072K, committed 14784K, reserved 1048576K
}
Event: 81.914 GC heap before
{Heap before GC invocations=66 (full 0):
 garbage-first heap   total 593920K, used 499695K [0x0000000761800000, 0x0000000800000000)
  region size 2048K, 45 young (92160K), 6 survivors (12288K)
 Metaspace       used 105074K, committed 106880K, reserved 1146880K
  class space    used 14178K, committed 14912K, reserved 1048576K
}
Event: 81.926 GC heap after
{Heap after GC invocations=67 (full 0):
 garbage-first heap   total 593920K, used 419661K [0x0000000761800000, 0x0000000800000000)
  region size 2048K, 3 young (6144K), 3 survivors (6144K)
 Metaspace       used 105074K, committed 106880K, reserved 1146880K
  class space    used 14178K, committed 14912K, reserved 1048576K
}
Event: 2080.564 GC heap before
{Heap before GC invocations=67 (full 0):
 garbage-first heap   total 593920K, used 505677K [0x0000000761800000, 0x0000000800000000)
  region size 2048K, 45 young (92160K), 3 survivors (6144K)
 Metaspace       used 105478K, committed 107264K, reserved 1146880K
  class space    used 14185K, committed 14912K, reserved 1048576K
}
Event: 2080.607 GC heap after
{Heap after GC invocations=68 (full 0):
 garbage-first heap   total 593920K, used 423840K [0x0000000761800000, 0x0000000800000000)
  region size 2048K, 5 young (10240K), 5 survivors (10240K)
 Metaspace       used 105478K, committed 107264K, reserved 1146880K
  class space    used 14185K, committed 14912K, reserved 1048576K
}

