# JRE version: OpenJDK Runtime Environment (17.0.6) (build 17.0.6+0-b2043.56-10027231)
# Java VM: OpenJDK 64-Bit Server VM (17.0.6+0-b2043.56-10027231, mixed mode, tiered, compressed oops, compressed class ptrs, g1 gc, windows-amd64)
GC Precious Log:
 CPUs: 4 total, 4 available
 Memory: 16242M
 Large Page Support: Disabled
 NUMA Support: Disabled
 Compressed Oops: Enabled (Zero based)
 Heap Region Size: 2M
 Heap Min Capacity: 8M
 Heap Initial Capacity: 254M
 Heap Max Capacity: 2536M
 Pre-touch: Disabled
 Parallel Workers: 4
 Concurrent Workers: 1
 Concurrent Refinement Workers: 4
 Periodic GC: Disabled
Heap:
 garbage-first heap   total 690176K, used 475449K [0x0000000761800000, 0x0000000800000000)
  region size 2048K, 108 young (221184K), 2 survivors (4096K)
 Metaspace       used 105440K, committed 107136K, reserved 1146880K
  class space    used 14178K, committed 14912K, reserved 1048576K
GC Heap History (20 events):
Event: 34.706 GC heap before
{Heap before GC invocations=54 (full 0):
 garbage-first heap   total 307200K, used 225728K [0x0000000761800000, 0x0000000800000000)
  region size 2048K, 27 young (55296K), 4 survivors (8192K)
 Metaspace       used 90959K, committed 92288K, reserved 1130496K
  class space    used 12233K, committed 12800K, reserved 1048576K
}
Event: 34.741 GC heap after
{Heap after GC invocations=55 (full 0):
 garbage-first heap   total 307200K, used 192452K [0x0000000761800000, 0x0000000800000000)
  region size 2048K, 4 young (8192K), 4 survivors (8192K)
 Metaspace       used 90959K, committed 92288K, reserved 1130496K
  class space    used 12233K, committed 12800K, reserved 1048576K
}
Event: 34.879 GC heap before
{Heap before GC invocations=55 (full 0):
 garbage-first heap   total 307200K, used 198596K [0x0000000761800000, 0x0000000800000000)
  region size 2048K, 7 young (14336K), 4 survivors (8192K)
 Metaspace       used 90982K, committed 92288K, reserved 1130496K
  class space    used 12234K, committed 12800K, reserved 1048576K
}
Event: 34.902 GC heap after
{Heap after GC invocations=56 (full 0):
 garbage-first heap   total 489472K, used 194560K [0x0000000761800000, 0x0000000800000000)
  region size 2048K, 1 young (2048K), 1 survivors (2048K)
 Metaspace       used 90982K, committed 92288K, reserved 1130496K
  class space    used 12234K, committed 12800K, reserved 1048576K
}
Event: 38.340 GC heap before
{Heap before GC invocations=56 (full 0):
 garbage-first heap   total 489472K, used 339968K [0x0000000761800000, 0x0000000800000000)
  region size 2048K, 73 young (149504K), 1 survivors (2048K)
 Metaspace       used 98749K, committed 100352K, reserved 1138688K
  class space    used 13448K, committed 14144K, reserved 1048576K
}
Event: 38.380 GC heap after
{Heap after GC invocations=57 (full 0):
 garbage-first heap   total 489472K, used 218035K [0x0000000761800000, 0x0000000800000000)
  region size 2048K, 10 young (20480K), 10 survivors (20480K)
 Metaspace       used 98749K, committed 100352K, reserved 1138688K
  class space    used 13448K, committed 14144K, reserved 1048576K
}
Event: 41.203 GC heap before
{Heap before GC invocations=57 (full 0):
 garbage-first heap   total 489472K, used 340915K [0x0000000761800000, 0x0000000800000000)
  region size 2048K, 71 young (145408K), 10 survivors (20480K)
 Metaspace       used 100454K, committed 102080K, reserved 1138688K
  class space    used 13625K, committed 14336K, reserved 1048576K
}
Event: 41.245 GC heap after
{Heap after GC invocations=58 (full 0):
 garbage-first heap   total 489472K, used 230237K [0x0000000761800000, 0x0000000800000000)
  region size 2048K, 6 young (12288K), 6 survivors (12288K)
 Metaspace       used 100454K, committed 102080K, reserved 1138688K
  class space    used 13625K, committed 14336K, reserved 1048576K
}
Event: 67.705 GC heap before
{Heap before GC invocations=58 (full 0):
 garbage-first heap   total 489472K, used 359261K [0x0000000761800000, 0x0000000800000000)
  region size 2048K, 70 young (143360K), 6 survivors (12288K)
 Metaspace       used 103069K, committed 104640K, reserved 1146880K
  class space    used 13918K, committed 14592K, reserved 1048576K
}
Event: 67.730 GC heap after
{Heap after GC invocations=59 (full 0):
 garbage-first heap   total 489472K, used 236239K [0x0000000761800000, 0x0000000800000000)
  region size 2048K, 6 young (12288K), 6 survivors (12288K)
 Metaspace       used 103069K, committed 104640K, reserved 1146880K
  class space    used 13918K, committed 14592K, reserved 1048576K
}
Event: 73.099 GC heap before
{Heap before GC invocations=59 (full 0):
 garbage-first heap   total 489472K, used 375503K [0x0000000761800000, 0x0000000800000000)
  region size 2048K, 74 young (151552K), 6 survivors (12288K)
 Metaspace       used 103468K, committed 105152K, reserved 1146880K
  class space    used 13951K, committed 14656K, reserved 1048576K
}
Event: 73.125 GC heap after
{Heap after GC invocations=60 (full 0):
 garbage-first heap   total 489472K, used 248067K [0x0000000761800000, 0x0000000800000000)
  region size 2048K, 8 young (16384K), 8 survivors (16384K)
 Metaspace       used 103468K, committed 105152K, reserved 1146880K
  class space    used 13951K, committed 14656K, reserved 1048576K
}
Event: 74.847 GC heap before
{Heap before GC invocations=60 (full 0):
 garbage-first heap   total 489472K, used 383235K [0x0000000761800000, 0x0000000800000000)
  region size 2048K, 75 young (153600K), 8 survivors (16384K)
 Metaspace       used 103829K, committed 105472K, reserved 1146880K
  class space    used 14001K, committed 14720K, reserved 1048576K
}
Event: 74.880 GC heap after
{Heap after GC invocations=61 (full 0):
 garbage-first heap   total 489472K, used 259895K [0x0000000761800000, 0x0000000800000000)
  region size 2048K, 7 young (14336K), 7 survivors (14336K)
 Metaspace       used 103829K, committed 105472K, reserved 1146880K
  class space    used 14001K, committed 14720K, reserved 1048576K
}
Event: 75.645 GC heap before
{Heap before GC invocations=61 (full 0):
 garbage-first heap   total 489472K, used 298807K [0x0000000761800000, 0x0000000800000000)
  region size 2048K, 20 young (40960K), 7 survivors (14336K)
 Metaspace       used 104172K, committed 105920K, reserved 1146880K
  class space    used 14047K, committed 14784K, reserved 1048576K
}
Event: 75.672 GC heap after
{Heap after GC invocations=62 (full 0):
 garbage-first heap   total 489472K, used 280755K [0x0000000761800000, 0x0000000800000000)
  region size 2048K, 4 young (8192K), 4 survivors (8192K)
 Metaspace       used 104172K, committed 105920K, reserved 1146880K
  class space    used 14047K, committed 14784K, reserved 1048576K
}
Event: 79.102 GC heap before
{Heap before GC invocations=63 (full 0):
 garbage-first heap   total 690176K, used 516275K [0x0000000761800000, 0x0000000800000000)
  region size 2048K, 60 young (122880K), 4 survivors (8192K)
 Metaspace       used 104227K, committed 105984K, reserved 1146880K
  class space    used 14050K, committed 14784K, reserved 1048576K
}
Event: 79.128 GC heap after
{Heap after GC invocations=64 (full 0):
 garbage-first heap   total 690176K, used 272279K [0x0000000761800000, 0x0000000800000000)
  region size 2048K, 8 young (16384K), 8 survivors (16384K)
 Metaspace       used 104227K, committed 105984K, reserved 1146880K
  class space    used 14050K, committed 14784K, reserved 1048576K
}
Event: 79.596 GC heap before
{Heap before GC invocations=64 (full 0):
 garbage-first heap   total 690176K, used 286615K [0x0000000761800000, 0x0000000800000000)
  region size 2048K, 16 young (32768K), 8 survivors (16384K)
 Metaspace       used 104255K, committed 105984K, reserved 1146880K
  class space    used 14050K, committed 14784K, reserved 1048576K
}
Event: 79.613 GC heap after
{Heap after GC invocations=65 (full 0):
 garbage-first heap   total 690176K, used 262457K [0x0000000761800000, 0x0000000800000000)
  region size 2048K, 2 young (4096K), 2 survivors (4096K)
 Metaspace       used 104255K, committed 105984K, reserved 1146880K
  class space    used 14050K, committed 14784K, reserved 1048576K
}

