# JRE version: OpenJDK Runtime Environment (17.0.6) (build 17.0.6+0-b2043.56-10027231)
# Java VM: OpenJDK 64-Bit Server VM (17.0.6+0-b2043.56-10027231, mixed mode, tiered, compressed oops, compressed class ptrs, g1 gc, windows-amd64)
GC Precious Log:
 CPUs: 4 total, 4 available
 Memory: 16242M
 Large Page Support: Disabled
 NUMA Support: Disabled
 Compressed Oops: Enabled (Zero based)
 Heap Region Size: 2M
 Heap Min Capacity: 8M
 Heap Initial Capacity: 254M
 Heap Max Capacity: 2536M
 Pre-touch: Disabled
 Parallel Workers: 4
 Concurrent Workers: 1
 Concurrent Refinement Workers: 4
 Periodic GC: Disabled
Heap:
 garbage-first heap   total 618496K, used 352742K [0x0000000761800000, 0x0000000800000000)
  region size 2048K, 71 young (145408K), 2 survivors (4096K)
 Metaspace       used 100871K, committed 102400K, reserved 1138688K
  class space    used 13697K, committed 14336K, reserved 1048576K
GC Heap History (20 events):
Event: 38.567 GC heap before
{Heap before GC invocations=53 (full 0):
 garbage-first heap   total 243712K, used 152349K [0x0000000761800000, 0x0000000800000000)
  region size 2048K, 13 young (26624K), 3 survivors (6144K)
 Metaspace       used 81172K, committed 82176K, reserved 1122304K
  class space    used 10871K, committed 11264K, reserved 1048576K
}
Event: 38.580 GC heap after
{Heap after GC invocations=54 (full 0):
 garbage-first heap   total 243712K, used 137851K [0x0000000761800000, 0x0000000800000000)
  region size 2048K, 2 young (4096K), 2 survivors (4096K)
 Metaspace       used 81172K, committed 82176K, reserved 1122304K
  class space    used 10871K, committed 11264K, reserved 1048576K
}
Event: 39.552 GC heap before
{Heap before GC invocations=55 (full 0):
 garbage-first heap   total 256000K, used 187003K [0x0000000761800000, 0x0000000800000000)
  region size 2048K, 24 young (49152K), 2 survivors (4096K)
 Metaspace       used 82556K, committed 83712K, reserved 1122304K
  class space    used 11062K, committed 11520K, reserved 1048576K
}
Event: 39.569 GC heap after
{Heap after GC invocations=56 (full 0):
 garbage-first heap   total 256000K, used 150265K [0x0000000761800000, 0x0000000800000000)
  region size 2048K, 3 young (6144K), 3 survivors (6144K)
 Metaspace       used 82556K, committed 83712K, reserved 1122304K
  class space    used 11062K, committed 11520K, reserved 1048576K
}
Event: 39.962 GC heap before
{Heap before GC invocations=56 (full 0):
 garbage-first heap   total 256000K, used 172793K [0x0000000761800000, 0x0000000800000000)
  region size 2048K, 16 young (32768K), 3 survivors (6144K)
 Metaspace       used 82851K, committed 84032K, reserved 1122304K
  class space    used 11112K, committed 11584K, reserved 1048576K
}
Event: 39.976 GC heap after
{Heap after GC invocations=57 (full 0):
 garbage-first heap   total 307200K, used 155042K [0x0000000761800000, 0x0000000800000000)
  region size 2048K, 3 young (6144K), 3 survivors (6144K)
 Metaspace       used 82851K, committed 84032K, reserved 1122304K
  class space    used 11112K, committed 11584K, reserved 1048576K
}
Event: 41.603 GC heap before
{Heap before GC invocations=58 (full 0):
 garbage-first heap   total 307200K, used 228770K [0x0000000761800000, 0x0000000800000000)
  region size 2048K, 37 young (75776K), 3 survivors (6144K)
 Metaspace       used 87246K, committed 88512K, reserved 1130496K
  class space    used 11770K, committed 12288K, reserved 1048576K
}
Event: 41.626 GC heap after
{Heap after GC invocations=59 (full 0):
 garbage-first heap   total 307200K, used 170215K [0x0000000761800000, 0x0000000800000000)
  region size 2048K, 5 young (10240K), 5 survivors (10240K)
 Metaspace       used 87246K, committed 88512K, reserved 1130496K
  class space    used 11770K, committed 12288K, reserved 1048576K
}
Event: 43.410 GC heap before
{Heap before GC invocations=59 (full 0):
 garbage-first heap   total 307200K, used 233703K [0x0000000761800000, 0x0000000800000000)
  region size 2048K, 36 young (73728K), 5 survivors (10240K)
 Metaspace       used 90882K, committed 92160K, reserved 1130496K
  class space    used 12216K, committed 12736K, reserved 1048576K
}
Event: 43.451 GC heap after
{Heap after GC invocations=60 (full 0):
 garbage-first heap   total 307200K, used 184078K [0x0000000761800000, 0x0000000800000000)
  region size 2048K, 5 young (10240K), 5 survivors (10240K)
 Metaspace       used 90882K, committed 92160K, reserved 1130496K
  class space    used 12216K, committed 12736K, reserved 1048576K
}
Event: 45.476 GC heap before
{Heap before GC invocations=61 (full 0):
 garbage-first heap   total 321536K, used 237326K [0x0000000761800000, 0x0000000800000000)
  region size 2048K, 32 young (65536K), 5 survivors (10240K)
 Metaspace       used 91388K, committed 92736K, reserved 1130496K
  class space    used 12288K, committed 12864K, reserved 1048576K
}
Event: 45.513 GC heap after
{Heap after GC invocations=62 (full 0):
 garbage-first heap   total 321536K, used 201215K [0x0000000761800000, 0x0000000800000000)
  region size 2048K, 4 young (8192K), 4 survivors (8192K)
 Metaspace       used 91388K, committed 92736K, reserved 1130496K
  class space    used 12288K, committed 12864K, reserved 1048576K
}
Event: 45.632 GC heap before
{Heap before GC invocations=62 (full 0):
 garbage-first heap   total 321536K, used 207359K [0x0000000761800000, 0x0000000800000000)
  region size 2048K, 7 young (14336K), 4 survivors (8192K)
 Metaspace       used 91572K, committed 92928K, reserved 1130496K
  class space    used 12324K, committed 12864K, reserved 1048576K
}
Event: 45.661 GC heap after
{Heap after GC invocations=63 (full 0):
 garbage-first heap   total 321536K, used 204042K [0x0000000761800000, 0x0000000800000000)
  region size 2048K, 1 young (2048K), 1 survivors (2048K)
 Metaspace       used 91572K, committed 92928K, reserved 1130496K
  class space    used 12324K, committed 12864K, reserved 1048576K
}
Event: 46.797 GC heap before
{Heap before GC invocations=63 (full 0):
 garbage-first heap   total 321536K, used 251146K [0x0000000761800000, 0x0000000800000000)
  region size 2048K, 25 young (51200K), 1 survivors (2048K)
 Metaspace       used 93840K, committed 95360K, reserved 1138688K
  class space    used 12768K, committed 13440K, reserved 1048576K
}
Event: 46.817 GC heap after
{Heap after GC invocations=64 (full 0):
 garbage-first heap   total 321536K, used 212615K [0x0000000761800000, 0x0000000800000000)
  region size 2048K, 4 young (8192K), 4 survivors (8192K)
 Metaspace       used 93840K, committed 95360K, reserved 1138688K
  class space    used 12768K, committed 13440K, reserved 1048576K
}
Event: 48.004 GC heap before
{Heap before GC invocations=65 (full 0):
 garbage-first heap   total 389120K, used 253575K [0x0000000761800000, 0x0000000800000000)
  region size 2048K, 25 young (51200K), 4 survivors (8192K)
 Metaspace       used 97728K, committed 99200K, reserved 1138688K
  class space    used 13310K, committed 13952K, reserved 1048576K
}
Event: 48.020 GC heap after
{Heap after GC invocations=66 (full 0):
 garbage-first heap   total 389120K, used 214628K [0x0000000761800000, 0x0000000800000000)
  region size 2048K, 2 young (4096K), 2 survivors (4096K)
 Metaspace       used 97728K, committed 99200K, reserved 1138688K
  class space    used 13310K, committed 13952K, reserved 1048576K
}
Event: 48.384 GC heap before
{Heap before GC invocations=66 (full 0):
 garbage-first heap   total 389120K, used 226916K [0x0000000761800000, 0x0000000800000000)
  region size 2048K, 9 young (18432K), 2 survivors (4096K)
 Metaspace       used 99369K, committed 100864K, reserved 1138688K
  class space    used 13503K, committed 14144K, reserved 1048576K
}
Event: 48.395 GC heap after
{Heap after GC invocations=67 (full 0):
 garbage-first heap   total 618496K, used 215526K [0x0000000761800000, 0x0000000800000000)
  region size 2048K, 2 young (4096K), 2 survivors (4096K)
 Metaspace       used 99369K, committed 100864K, reserved 1138688K
  class space    used 13503K, committed 14144K, reserved 1048576K
}

