# JRE version: OpenJDK Runtime Environment (17.0.6) (build 17.0.6+0-b2043.56-10027231)
# Java VM: OpenJDK 64-Bit Server VM (17.0.6+0-b2043.56-10027231, mixed mode, tiered, compressed oops, compressed class ptrs, g1 gc, windows-amd64)
GC Precious Log:
 CPUs: 4 total, 4 available
 Memory: 16242M
 Large Page Support: Disabled
 NUMA Support: Disabled
 Compressed Oops: Enabled (Zero based)
 Heap Region Size: 2M
 Heap Min Capacity: 8M
 Heap Initial Capacity: 254M
 Heap Max Capacity: 2536M
 Pre-touch: Disabled
 Parallel Workers: 4
 Concurrent Workers: 1
 Concurrent Refinement Workers: 4
 Periodic GC: Disabled
Heap:
 garbage-first heap   total 399360K, used 292559K [0x0000000761800000, 0x0000000800000000)
  region size 2048K, 25 young (51200K), 6 survivors (12288K)
 Metaspace       used 95728K, committed 97408K, reserved 1138688K
  class space    used 12990K, committed 13696K, reserved 1048576K
GC Heap History (20 events):
Event: 41.115 GC heap before
{Heap before GC invocations=54 (full 0):
 garbage-first heap   total 260096K, used 176094K [0x0000000761800000, 0x0000000800000000)
  region size 2048K, 19 young (38912K), 3 survivors (6144K)
 Metaspace       used 82702K, committed 83904K, reserved 1122304K
  class space    used 11110K, committed 11584K, reserved 1048576K
}
Event: 41.132 GC heap after
{Heap after GC invocations=55 (full 0):
 garbage-first heap   total 260096K, used 150379K [0x0000000761800000, 0x0000000800000000)
  region size 2048K, 3 young (6144K), 3 survivors (6144K)
 Metaspace       used 82702K, committed 83904K, reserved 1122304K
  class space    used 11110K, committed 11584K, reserved 1048576K
}
Event: 41.272 GC heap before
{Heap before GC invocations=55 (full 0):
 garbage-first heap   total 260096K, used 156523K [0x0000000761800000, 0x0000000800000000)
  region size 2048K, 6 young (12288K), 3 survivors (6144K)
 Metaspace       used 82841K, committed 84032K, reserved 1122304K
  class space    used 11130K, committed 11584K, reserved 1048576K
}
Event: 41.289 GC heap after
{Heap after GC invocations=56 (full 0):
 garbage-first heap   total 260096K, used 151358K [0x0000000761800000, 0x0000000800000000)
  region size 2048K, 1 young (2048K), 1 survivors (2048K)
 Metaspace       used 82841K, committed 84032K, reserved 1122304K
  class space    used 11130K, committed 11584K, reserved 1048576K
}
Event: 43.331 GC heap before
{Heap before GC invocations=56 (full 0):
 garbage-first heap   total 260096K, used 204606K [0x0000000761800000, 0x0000000800000000)
  region size 2048K, 26 young (53248K), 1 survivors (2048K)
 Metaspace       used 83375K, committed 84672K, reserved 1122304K
  class space    used 11209K, committed 11712K, reserved 1048576K
}
Event: 43.351 GC heap after
{Heap after GC invocations=57 (full 0):
 garbage-first heap   total 399360K, used 169467K [0x0000000761800000, 0x0000000800000000)
  region size 2048K, 4 young (8192K), 4 survivors (8192K)
 Metaspace       used 83375K, committed 84672K, reserved 1122304K
  class space    used 11209K, committed 11712K, reserved 1048576K
}
Event: 48.955 GC heap before
{Heap before GC invocations=58 (full 0):
 garbage-first heap   total 399360K, used 280059K [0x0000000761800000, 0x0000000800000000)
  region size 2048K, 58 young (118784K), 4 survivors (8192K)
 Metaspace       used 90400K, committed 91776K, reserved 1130496K
  class space    used 12177K, committed 12736K, reserved 1048576K
}
Event: 49.005 GC heap after
{Heap after GC invocations=59 (full 0):
 garbage-first heap   total 399360K, used 191809K [0x0000000761800000, 0x0000000800000000)
  region size 2048K, 8 young (16384K), 8 survivors (16384K)
 Metaspace       used 90400K, committed 91776K, reserved 1130496K
  class space    used 12177K, committed 12736K, reserved 1048576K
}
Event: 49.065 GC heap before
{Heap before GC invocations=59 (full 0):
 garbage-first heap   total 399360K, used 193857K [0x0000000761800000, 0x0000000800000000)
  region size 2048K, 9 young (18432K), 8 survivors (16384K)
 Metaspace       used 90415K, committed 91776K, reserved 1130496K
  class space    used 12177K, committed 12736K, reserved 1048576K
}
Event: 49.093 GC heap after
{Heap after GC invocations=60 (full 0):
 garbage-first heap   total 399360K, used 194215K [0x0000000761800000, 0x0000000800000000)
  region size 2048K, 2 young (4096K), 2 survivors (4096K)
 Metaspace       used 90415K, committed 91776K, reserved 1130496K
  class space    used 12177K, committed 12736K, reserved 1048576K
}
Event: 53.813 GC heap before
{Heap before GC invocations=60 (full 0):
 garbage-first heap   total 399360K, used 296615K [0x0000000761800000, 0x0000000800000000)
  region size 2048K, 53 young (108544K), 2 survivors (4096K)
 Metaspace       used 93065K, committed 94720K, reserved 1138688K
  class space    used 12618K, committed 13312K, reserved 1048576K
}
Event: 53.844 GC heap after
{Heap after GC invocations=61 (full 0):
 garbage-first heap   total 399360K, used 215040K [0x0000000761800000, 0x0000000800000000)
  region size 2048K, 7 young (14336K), 7 survivors (14336K)
 Metaspace       used 93065K, committed 94720K, reserved 1138688K
  class space    used 12618K, committed 13312K, reserved 1048576K
}
Event: 56.286 GC heap before
{Heap before GC invocations=61 (full 0):
 garbage-first heap   total 399360K, used 301056K [0x0000000761800000, 0x0000000800000000)
  region size 2048K, 50 young (102400K), 7 survivors (14336K)
 Metaspace       used 93291K, committed 94848K, reserved 1138688K
  class space    used 12659K, committed 13312K, reserved 1048576K
}
Event: 56.315 GC heap after
{Heap after GC invocations=62 (full 0):
 garbage-first heap   total 399360K, used 222683K [0x0000000761800000, 0x0000000800000000)
  region size 2048K, 4 young (8192K), 4 survivors (8192K)
 Metaspace       used 93291K, committed 94848K, reserved 1138688K
  class space    used 12659K, committed 13312K, reserved 1048576K
}
Event: 114.561 GC heap before
{Heap before GC invocations=62 (full 0):
 garbage-first heap   total 399360K, used 308699K [0x0000000761800000, 0x0000000800000000)
  region size 2048K, 47 young (96256K), 4 survivors (8192K)
 Metaspace       used 95075K, committed 96704K, reserved 1138688K
  class space    used 12940K, committed 13632K, reserved 1048576K
}
Event: 114.588 GC heap after
{Heap after GC invocations=63 (full 0):
 garbage-first heap   total 399360K, used 224891K [0x0000000761800000, 0x0000000800000000)
  region size 2048K, 5 young (10240K), 5 survivors (10240K)
 Metaspace       used 95075K, committed 96704K, reserved 1138688K
  class space    used 12940K, committed 13632K, reserved 1048576K
}
Event: 118.131 GC heap before
{Heap before GC invocations=63 (full 0):
 garbage-first heap   total 399360K, used 317051K [0x0000000761800000, 0x0000000800000000)
  region size 2048K, 50 young (102400K), 5 survivors (10240K)
 Metaspace       used 95495K, committed 97216K, reserved 1138688K
  class space    used 12985K, committed 13696K, reserved 1048576K
}
Event: 118.169 GC heap after
{Heap after GC invocations=64 (full 0):
 garbage-first heap   total 399360K, used 241248K [0x0000000761800000, 0x0000000800000000)
  region size 2048K, 7 young (14336K), 7 survivors (14336K)
 Metaspace       used 95495K, committed 97216K, reserved 1138688K
  class space    used 12985K, committed 13696K, reserved 1048576K
}
Event: 120.763 GC heap before
{Heap before GC invocations=64 (full 0):
 garbage-first heap   total 399360K, used 321120K [0x0000000761800000, 0x0000000800000000)
  region size 2048K, 46 young (94208K), 7 survivors (14336K)
 Metaspace       used 95646K, committed 97344K, reserved 1138688K
  class space    used 12990K, committed 13696K, reserved 1048576K
}
Event: 120.813 GC heap after
{Heap after GC invocations=65 (full 0):
 garbage-first heap   total 399360K, used 255695K [0x0000000761800000, 0x0000000800000000)
  region size 2048K, 6 young (12288K), 6 survivors (12288K)
 Metaspace       used 95646K, committed 97344K, reserved 1138688K
  class space    used 12990K, committed 13696K, reserved 1048576K
}

