# JRE version: OpenJDK Runtime Environment (17.0.6) (build 17.0.6+0-b2043.56-10027231)
# Java VM: OpenJDK 64-Bit Server VM (17.0.6+0-b2043.56-10027231, mixed mode, tiered, compressed oops, compressed class ptrs, g1 gc, windows-amd64)
GC Precious Log:
 CPUs: 4 total, 4 available
 Memory: 16242M
 Large Page Support: Disabled
 NUMA Support: Disabled
 Compressed Oops: Enabled (Zero based)
 Heap Region Size: 2M
 Heap Min Capacity: 8M
 Heap Initial Capacity: 254M
 Heap Max Capacity: 2536M
 Pre-touch: Disabled
 Parallel Workers: 4
 Concurrent Workers: 1
 Concurrent Refinement Workers: 4
 Periodic GC: Disabled
Heap:
 garbage-first heap   total 624640K, used 308146K [0x0000000761800000, 0x0000000800000000)
  region size 2048K, 56 young (114688K), 15 survivors (30720K)
 Metaspace       used 100866K, committed 102464K, reserved 1138688K
  class space    used 13704K, committed 14400K, reserved 1048576K
GC Heap History (20 events):
Event: 26.571 GC heap before
{Heap before GC invocations=40 (full 0):
 garbage-first heap   total 194560K, used 150077K [0x0000000761800000, 0x0000000800000000)
  region size 2048K, 20 young (40960K), 2 survivors (4096K)
 Metaspace       used 80627K, committed 81600K, reserved 1122304K
  class space    used 10799K, committed 11200K, reserved 1048576K
}
Event: 26.586 GC heap after
{Heap after GC invocations=41 (full 0):
 garbage-first heap   total 194560K, used 122448K [0x0000000761800000, 0x0000000800000000)
  region size 2048K, 3 young (6144K), 3 survivors (6144K)
 Metaspace       used 80627K, committed 81600K, reserved 1122304K
  class space    used 10799K, committed 11200K, reserved 1048576K
}
Event: 27.411 GC heap before
{Heap before GC invocations=42 (full 0):
 garbage-first heap   total 223232K, used 151120K [0x0000000761800000, 0x0000000800000000)
  region size 2048K, 18 young (36864K), 3 survivors (6144K)
 Metaspace       used 80925K, committed 82048K, reserved 1122304K
  class space    used 10848K, committed 11328K, reserved 1048576K
}
Event: 27.428 GC heap after
{Heap after GC invocations=43 (full 0):
 garbage-first heap   total 223232K, used 129792K [0x0000000761800000, 0x0000000800000000)
  region size 2048K, 3 young (6144K), 3 survivors (6144K)
 Metaspace       used 80925K, committed 82048K, reserved 1122304K
  class space    used 10848K, committed 11328K, reserved 1048576K
}
Event: 27.694 GC heap before
{Heap before GC invocations=43 (full 0):
 garbage-first heap   total 223232K, used 133888K [0x0000000761800000, 0x0000000800000000)
  region size 2048K, 5 young (10240K), 3 survivors (6144K)
 Metaspace       used 80954K, committed 82048K, reserved 1122304K
  class space    used 10853K, committed 11328K, reserved 1048576K
}
Event: 27.716 GC heap after
{Heap after GC invocations=44 (full 0):
 garbage-first heap   total 294912K, used 130086K [0x0000000761800000, 0x0000000800000000)
  region size 2048K, 1 young (2048K), 1 survivors (2048K)
 Metaspace       used 80954K, committed 82048K, reserved 1122304K
  class space    used 10853K, committed 11328K, reserved 1048576K
}
Event: 28.533 GC heap before
{Heap before GC invocations=44 (full 0):
 garbage-first heap   total 294912K, used 166950K [0x0000000761800000, 0x0000000800000000)
  region size 2048K, 18 young (36864K), 1 survivors (2048K)
 Metaspace       used 81355K, committed 82496K, reserved 1122304K
  class space    used 10900K, committed 11392K, reserved 1048576K
}
Event: 28.545 GC heap after
{Heap after GC invocations=45 (full 0):
 garbage-first heap   total 294912K, used 141043K [0x0000000761800000, 0x0000000800000000)
  region size 2048K, 4 young (8192K), 4 survivors (8192K)
 Metaspace       used 81355K, committed 82496K, reserved 1122304K
  class space    used 10900K, committed 11392K, reserved 1048576K
}
Event: 29.903 GC heap before
{Heap before GC invocations=46 (full 0):
 garbage-first heap   total 294912K, used 229107K [0x0000000761800000, 0x0000000800000000)
  region size 2048K, 43 young (88064K), 4 survivors (8192K)
 Metaspace       used 82959K, committed 84224K, reserved 1122304K
  class space    used 11134K, committed 11648K, reserved 1048576K
}
Event: 29.928 GC heap after
{Heap after GC invocations=47 (full 0):
 garbage-first heap   total 294912K, used 164942K [0x0000000761800000, 0x0000000800000000)
  region size 2048K, 6 young (12288K), 6 survivors (12288K)
 Metaspace       used 82959K, committed 84224K, reserved 1122304K
  class space    used 11134K, committed 11648K, reserved 1048576K
}
Event: 29.949 GC heap before
{Heap before GC invocations=47 (full 0):
 garbage-first heap   total 294912K, used 166990K [0x0000000761800000, 0x0000000800000000)
  region size 2048K, 7 young (14336K), 6 survivors (12288K)
 Metaspace       used 82959K, committed 84224K, reserved 1122304K
  class space    used 11134K, committed 11648K, reserved 1048576K
}
Event: 29.963 GC heap after
{Heap after GC invocations=48 (full 0):
 garbage-first heap   total 294912K, used 166190K [0x0000000761800000, 0x0000000800000000)
  region size 2048K, 1 young (2048K), 1 survivors (2048K)
 Metaspace       used 82959K, committed 84224K, reserved 1122304K
  class space    used 11134K, committed 11648K, reserved 1048576K
}
Event: 31.323 GC heap before
{Heap before GC invocations=48 (full 0):
 garbage-first heap   total 294912K, used 225582K [0x0000000761800000, 0x0000000800000000)
  region size 2048K, 30 young (61440K), 1 survivors (2048K)
 Metaspace       used 87425K, committed 88768K, reserved 1130496K
  class space    used 11807K, committed 12416K, reserved 1048576K
}
Event: 31.339 GC heap after
{Heap after GC invocations=49 (full 0):
 garbage-first heap   total 294912K, used 174080K [0x0000000761800000, 0x0000000800000000)
  region size 2048K, 4 young (8192K), 4 survivors (8192K)
 Metaspace       used 87425K, committed 88768K, reserved 1130496K
  class space    used 11807K, committed 12416K, reserved 1048576K
}
Event: 32.633 GC heap before
{Heap before GC invocations=50 (full 0):
 garbage-first heap   total 311296K, used 229376K [0x0000000761800000, 0x0000000800000000)
  region size 2048K, 31 young (63488K), 4 survivors (8192K)
 Metaspace       used 90874K, committed 92224K, reserved 1130496K
  class space    used 12225K, committed 12800K, reserved 1048576K
}
Event: 32.662 GC heap after
{Heap after GC invocations=51 (full 0):
 garbage-first heap   total 311296K, used 184712K [0x0000000761800000, 0x0000000800000000)
  region size 2048K, 4 young (8192K), 4 survivors (8192K)
 Metaspace       used 90874K, committed 92224K, reserved 1130496K
  class space    used 12225K, committed 12800K, reserved 1048576K
}
Event: 32.769 GC heap before
{Heap before GC invocations=51 (full 0):
 garbage-first heap   total 311296K, used 190856K [0x0000000761800000, 0x0000000800000000)
  region size 2048K, 7 young (14336K), 4 survivors (8192K)
 Metaspace       used 90901K, committed 92224K, reserved 1130496K
  class space    used 12225K, committed 12800K, reserved 1048576K
}
Event: 32.789 GC heap after
{Heap after GC invocations=52 (full 0):
 garbage-first heap   total 624640K, used 187618K [0x0000000761800000, 0x0000000800000000)
  region size 2048K, 1 young (2048K), 1 survivors (2048K)
 Metaspace       used 90901K, committed 92224K, reserved 1130496K
  class space    used 12225K, committed 12800K, reserved 1048576K
}
Event: 38.529 GC heap before
{Heap before GC invocations=52 (full 0):
 garbage-first heap   total 624640K, used 421090K [0x0000000761800000, 0x0000000800000000)
  region size 2048K, 116 young (237568K), 1 survivors (2048K)
 Metaspace       used 100373K, committed 102016K, reserved 1138688K
  class space    used 13621K, committed 14336K, reserved 1048576K
}
Event: 38.595 GC heap after
{Heap after GC invocations=53 (full 0):
 garbage-first heap   total 624640K, used 226226K [0x0000000761800000, 0x0000000800000000)
  region size 2048K, 15 young (30720K), 15 survivors (30720K)
 Metaspace       used 100373K, committed 102016K, reserved 1138688K
  class space    used 13621K, committed 14336K, reserved 1048576K
}

